# JRE version: 7.0_25-b16
# Java VM: Java HotSpot(TM) Client VM (23.25-b01 mixed mode, sharing windows-x86 )
Heap
 def new generation   total 31104K, used 23132K [0x23b60000, 0x25d20000, 0x290b0000)
  eden space 27648K,  83% used [0x23b60000, 0x251f71c8, 0x25660000)
  from space 3456K,   0% used [0x25660000, 0x25660000, 0x259c0000)
  to   space 3456K,   0% used [0x259c0000, 0x259c0000, 0x25d20000)
 tenured generation   total 69048K, used 41428K [0x290b0000, 0x2d41e000, 0x33b60000)
   the space 69048K,  59% used [0x290b0000, 0x2b925000, 0x2b925000, 0x2d41e000)
 compacting perm gen  total 12288K, used 1814K [0x33b60000, 0x34760000, 0x37b60000)
   the space 12288K,  14% used [0x33b60000, 0x33d25a58, 0x33d25c00, 0x34760000)
    ro space 10240K,  45% used [0x37b60000, 0x37fe9b28, 0x37fe9c00, 0x38560000)
    rw space 12288K,  54% used [0x38560000, 0x38bed0e8, 0x38bed200, 0x39160000)
GC Heap History (10 events):
Event: 8.313 GC heap before
{Heap before GC invocations=10 (full 3):
 def new generation   total 18368K, used 13476K [0x23b60000, 0x24f40000, 0x290b0000)
  eden space 16384K,  82% used [0x23b60000, 0x24889360, 0x24b60000)
  from space 1984K,   0% used [0x24b60000, 0x24b60000, 0x24d50000)
  to   space 1984K,   0% used [0x24d50000, 0x24d50000, 0x24f40000)
 tenured generation   total 40660K, used 24395K [0x290b0000, 0x2b865000, 0x33b60000)
   the space 40660K,  59% used [0x290b0000, 0x2a882fb0, 0x2a883000, 0x2b865000)
 compacting perm gen  total 12288K, used 1004K [0x33b60000, 0x34760000, 0x37b60000)
   the space 12288K,   8% used [0x33b60000, 0x33c5b2a0, 0x33c5b400, 0x34760000)
    ro space 10240K,  45% used [0x37b60000, 0x37fe9b28, 0x37fe9c00, 0x38560000)
    rw space 12288K,  54% used [0x38560000, 0x38bed0e8, 0x38bed200, 0x39160000)
Event: 8.336 GC heap after
Heap after GC invocations=11 (full 3):
 def new generation   total 18368K, used 37K [0x23b60000, 0x24f40000, 0x290b0000)
  eden space 16384K,   0% used [0x23b60000, 0x23b60000, 0x24b60000)
  from space 1984K,   1% used [0x24d50000, 0x24d59740, 0x24f40000)
  to   space 1984K,   0% used [0x24b60000, 0x24b60000, 0x24d50000)
 tenured generation   total 40660K, used 30995K [0x290b0000, 0x2b865000, 0x33b60000)
   the space 40660K,  76% used [0x290b0000, 0x2aef4fd0, 0x2aef5000, 0x2b865000)
 compacting perm gen  total 12288K, used 1004K [0x33b60000, 0x34760000, 0x37b60000)
   the space 12288K,   8% used [0x33b60000, 0x33c5b2a0, 0x33c5b400, 0x34760000)
    ro space 10240K,  45% used [0x37b60000, 0x37fe9b28, 0x37fe9c00, 0x38560000)
    rw space 12288K,  54% used [0x38560000, 0x38bed0e8, 0x38bed200, 0x39160000)
}
Event: 9.135 GC heap before
{Heap before GC invocations=11 (full 3):
 def new generation   total 18368K, used 16421K [0x23b60000, 0x24f40000, 0x290b0000)
  eden space 16384K, 100% used [0x23b60000, 0x24b60000, 0x24b60000)
  from space 1984K,   1% used [0x24d50000, 0x24d59740, 0x24f40000)
  to   space 1984K,   0% used [0x24b60000, 0x24b60000, 0x24d50000)
 tenured generation   total 40660K, used 30995K [0x290b0000, 0x2b865000, 0x33b60000)
   the space 40660K,  76% used [0x290b0000, 0x2aef4fd0, 0x2aef5000, 0x2b865000)
 compacting perm gen  total 12288K, used 1472K [0x33b60000, 0x34760000, 0x37b60000)
   the space 12288K,  11% used [0x33b60000, 0x33cd0260, 0x33cd0400, 0x34760000)
    ro space 10240K,  45% used [0x37b60000, 0x37fe9b28, 0x37fe9c00, 0x38560000)
    rw space 12288K,  54% used [0x38560000, 0x38bed0e8, 0x38bed200, 0x39160000)
Event: 9.179 GC heap after
Heap after GC invocations=12 (full 3):
 def new generation   total 18368K, used 1984K [0x23b60000, 0x24f40000, 0x290b0000)
  eden space 16384K,   0% used [0x23b60000, 0x23b60000, 0x24b60000)
  from space 1984K, 100% used [0x24b60000, 0x24d50000, 0x24d50000)
  to   space 1984K,   0% used [0x24d50000, 0x24d50000, 0x24f40000)
 tenured generation   total 40660K, used 36786K [0x290b0000, 0x2b865000, 0x33b60000)
   the space 40660K,  90% used [0x290b0000, 0x2b49c978, 0x2b49ca00, 0x2b865000)
 compacting perm gen  total 12288K, used 1472K [0x33b60000, 0x34760000, 0x37b60000)
   the space 12288K,  11% used [0x33b60000, 0x33cd0260, 0x33cd0400, 0x34760000)
    ro space 10240K,  45% used [0x37b60000, 0x37fe9b28, 0x37fe9c00, 0x38560000)
    rw space 12288K,  54% used [0x38560000, 0x38bed0e8, 0x38bed200, 0x39160000)
}
Event: 9.598 GC heap before
{Heap before GC invocations=12 (full 3):
 def new generation   total 18368K, used 18368K [0x23b60000, 0x24f40000, 0x290b0000)
  eden space 16384K, 100% used [0x23b60000, 0x24b60000, 0x24b60000)
  from space 1984K, 100% used [0x24b60000, 0x24d50000, 0x24d50000)
  to   space 1984K,   0% used [0x24d50000, 0x24d50000, 0x24f40000)
 tenured generation   total 40660K, used 36786K [0x290b0000, 0x2b865000, 0x33b60000)
   the space 40660K,  90% used [0x290b0000, 0x2b49c978, 0x2b49ca00, 0x2b865000)
 compacting perm gen  total 12288K, used 1491K [0x33b60000, 0x34760000, 0x37b60000)
   the space 12288K,  12% used [0x33b60000, 0x33cd4c88, 0x33cd4e00, 0x34760000)
    ro space 10240K,  45% used [0x37b60000, 0x37fe9b28, 0x37fe9c00, 0x38560000)
    rw space 12288K,  54% used [0x38560000, 0x38bed0e8, 0x38bed200, 0x39160000)
Event: 9.633 GC heap after
Heap after GC invocations=13 (full 3):
 def new generation   total 18368K, used 1269K [0x23b60000, 0x24f40000, 0x290b0000)
  eden space 16384K,   0% used [0x23b60000, 0x23b60000, 0x24b60000)
  from space 1984K,  63% used [0x24d50000, 0x24e8d410, 0x24f40000)
  to   space 1984K,   0% used [0x24b60000, 0x24b60000, 0x24d50000)
 tenured generation   total 40660K, used 38763K [0x290b0000, 0x2b865000, 0x33b60000)
   the space 40660K,  95% used [0x290b0000, 0x2b68aca8, 0x2b68ae00, 0x2b865000)
 compacting perm gen  total 12288K, used 1491K [0x33b60000, 0x34760000, 0x37b60000)
   the space 12288K,  12% used [0x33b60000, 0x33cd4c88, 0x33cd4e00, 0x34760000)
    ro space 10240K,  45% used [0x37b60000, 0x37fe9b28, 0x37fe9c00, 0x38560000)
    rw space 12288K,  54% used [0x38560000, 0x38bed0e8, 0x38bed200, 0x39160000)
}
Event: 9.998 GC heap before
{Heap before GC invocations=13 (full 3):
 def new generation   total 18368K, used 17653K [0x23b60000, 0x24f40000, 0x290b0000)
  eden space 16384K, 100% used [0x23b60000, 0x24b60000, 0x24b60000)
  from space 1984K,  63% used [0x24d50000, 0x24e8d410, 0x24f40000)
  to   space 1984K,   0% used [0x24b60000, 0x24b60000, 0x24d50000)
 tenured generation   total 40660K, used 38763K [0x290b0000, 0x2b865000, 0x33b60000)
   the space 40660K,  95% used [0x290b0000, 0x2b68aca8, 0x2b68ae00, 0x2b865000)
 compacting perm gen  total 12288K, used 1491K [0x33b60000, 0x34760000, 0x37b60000)
   the space 12288K,  12% used [0x33b60000, 0x33cd4c98, 0x33cd4e00, 0x34760000)
    ro space 10240K,  45% used [0x37b60000, 0x37fe9b28, 0x37fe9c00, 0x38560000)
    rw space 12288K,  54% used [0x38560000, 0x38bed0e8, 0x38bed200, 0x39160000)
Event: 10.039 GC heap after
Heap after GC invocations=14 (full 3):
 def new generation   total 18368K, used 1377K [0x23b60000, 0x24f40000, 0x290b0000)
  eden space 16384K,   0% used [0x23b60000, 0x23b60000, 0x24b60000)
  from space 1984K,  69% used [0x24b60000, 0x24cb86e8, 0x24d50000)
  to   space 1984K,   0% used [0x24d50000, 0x24d50000, 0x24f40000)
 tenured generation   total 40660K, used 40029K [0x290b0000, 0x2b865000, 0x33b60000)
   the space 40660K,  98% used [0x290b0000, 0x2b7c7420, 0x2b7c7600, 0x2b865000)
 compacting perm gen  total 12288K, used 1491K [0x33b60000, 0x34760000, 0x37b60000)
   the space 12288K,  12% used [0x33b60000, 0x33cd4c98, 0x33cd4e00, 0x34760000)
    ro space 10240K,  45% used [0x37b60000, 0x37fe9b28, 0x37fe9c00, 0x38560000)
    rw space 12288K,  54% used [0x38560000, 0x38bed0e8, 0x38bed200, 0x39160000)
}
Event: 10.390 GC heap before
{Heap before GC invocations=14 (full 3):
 def new generation   total 18368K, used 17761K [0x23b60000, 0x24f40000, 0x290b0000)
  eden space 16384K, 100% used [0x23b60000, 0x24b60000, 0x24b60000)
  from space 1984K,  69% used [0x24b60000, 0x24cb86e8, 0x24d50000)
  to   space 1984K,   0% used [0x24d50000, 0x24d50000, 0x24f40000)
 tenured generation   total 40660K, used 40029K [0x290b0000, 0x2b865000, 0x33b60000)
   the space 40660K,  98% used [0x290b0000, 0x2b7c7420, 0x2b7c7600, 0x2b865000)
 compacting perm gen  total 12288K, used 1491K [0x33b60000, 0x34760000, 0x37b60000)
   the space 12288K,  12% used [0x33b60000, 0x33cd4c98, 0x33cd4e00, 0x34760000)
    ro space 10240K,  45% used [0x37b60000, 0x37fe9b28, 0x37fe9c00, 0x38560000)
    rw space 12288K,  54% used [0x38560000, 0x38bed0e8, 0x38bed200, 0x39160000)
Event: 10.626 GC heap after
Heap after GC invocations=15 (full 4):
 def new generation   total 31104K, used 330K [0x23b60000, 0x25d20000, 0x290b0000)
  eden space 27648K,   1% used [0x23b60000, 0x23bb28d8, 0x25660000)
  from space 3456K,   0% used [0x25660000, 0x25660000, 0x259c0000)
  to   space 3456K,   0% used [0x259c0000, 0x259c0000, 0x25d20000)
 tenured generation   total 69048K, used 41428K [0x290b0000, 0x2d41e000, 0x33b60000)
   the space 69048K,  59% used [0x290b0000, 0x2b925000, 0x2b925000, 0x2d41e000)
 compacting perm gen  total 12288K, used 1490K [0x33b60000, 0x34760000, 0x37b60000)
   the space 12288K,  12% used [0x33b60000, 0x33cd4920, 0x33cd4a00, 0x34760000)
    ro space 10240K,  45% used [0x37b60000, 0x37fe9b28, 0x37fe9c00, 0x38560000)
    rw space 12288K,  54% used [0x38560000, 0x38bed0e8, 0x38bed200, 0x39160000)
}

